# JRE version: OpenJDK Runtime Environment Temurin-17.0.8.1+1 (17.0.8.1+1) (build 17.0.8.1+1)
# Java VM: OpenJDK 64-Bit Server VM Temurin-17.0.8.1+1 (17.0.8.1+1, mixed mode, tiered, compressed oops, compressed class ptrs, g1 gc, windows-amd64)
GC Precious Log:
 CPUs: 20 total, 20 available
 Memory: 16068M
 Large Page Support: Disabled
 NUMA Support: Disabled
 Compressed Oops: Enabled (Zero based)
 Heap Region Size: 2M
 Heap Min Capacity: 8M
 Heap Initial Capacity: 252M
 Heap Max Capacity: 4018M
 Pre-touch: Disabled
 Parallel Workers: 15
 Concurrent Workers: 4
 Concurrent Refinement Workers: 15
 Periodic GC: Disabled
Heap:
 garbage-first heap   total 438272K, used 16863K [0x0000000704e00000, 0x0000000800000000)
  region size 2048K, 1 young (2048K), 1 survivors (2048K)
 Metaspace       used 44612K, committed 45120K, reserved 1114112K
  class space    used 5084K, committed 5312K, reserved 1048576K
GC Heap History (20 events):
Event: 147.195 GC heap after
{Heap after GC invocations=63 (full 0):
 garbage-first heap   total 438272K, used 16819K [0x0000000704e00000, 0x0000000800000000)
  region size 2048K, 1 young (2048K), 1 survivors (2048K)
 Metaspace       used 44612K, committed 45120K, reserved 1114112K
  class space    used 5084K, committed 5312K, reserved 1048576K
}
Event: 147.265 GC heap before
{Heap before GC invocations=63 (full 0):
 garbage-first heap   total 438272K, used 276915K [0x0000000704e00000, 0x0000000800000000)
  region size 2048K, 128 young (262144K), 1 survivors (2048K)
 Metaspace       used 44612K, committed 45120K, reserved 1114112K
  class space    used 5084K, committed 5312K, reserved 1048576K
}
Event: 147.266 GC heap after
{Heap after GC invocations=64 (full 0):
 garbage-first heap   total 438272K, used 16809K [0x0000000704e00000, 0x0000000800000000)
  region size 2048K, 1 young (2048K), 1 survivors (2048K)
 Metaspace       used 44612K, committed 45120K, reserved 1114112K
  class space    used 5084K, committed 5312K, reserved 1048576K
}
Event: 147.337 GC heap before
{Heap before GC invocations=64 (full 0):
 garbage-first heap   total 438272K, used 276905K [0x0000000704e00000, 0x0000000800000000)
  region size 2048K, 128 young (262144K), 1 survivors (2048K)
 Metaspace       used 44612K, committed 45120K, reserved 1114112K
  class space    used 5084K, committed 5312K, reserved 1048576K
}
Event: 147.338 GC heap after
{Heap after GC invocations=65 (full 0):
 garbage-first heap   total 438272K, used 16827K [0x0000000704e00000, 0x0000000800000000)
  region size 2048K, 1 young (2048K), 1 survivors (2048K)
 Metaspace       used 44612K, committed 45120K, reserved 1114112K
  class space    used 5084K, committed 5312K, reserved 1048576K
}
Event: 147.410 GC heap before
{Heap before GC invocations=65 (full 0):
 garbage-first heap   total 438272K, used 276923K [0x0000000704e00000, 0x0000000800000000)
  region size 2048K, 128 young (262144K), 1 survivors (2048K)
 Metaspace       used 44612K, committed 45120K, reserved 1114112K
  class space    used 5084K, committed 5312K, reserved 1048576K
}
Event: 147.411 GC heap after
{Heap after GC invocations=66 (full 0):
 garbage-first heap   total 438272K, used 16836K [0x0000000704e00000, 0x0000000800000000)
  region size 2048K, 1 young (2048K), 1 survivors (2048K)
 Metaspace       used 44612K, committed 45120K, reserved 1114112K
  class space    used 5084K, committed 5312K, reserved 1048576K
}
Event: 147.481 GC heap before
{Heap before GC invocations=66 (full 0):
 garbage-first heap   total 438272K, used 276932K [0x0000000704e00000, 0x0000000800000000)
  region size 2048K, 128 young (262144K), 1 survivors (2048K)
 Metaspace       used 44612K, committed 45120K, reserved 1114112K
  class space    used 5084K, committed 5312K, reserved 1048576K
}
Event: 147.482 GC heap after
{Heap after GC invocations=67 (full 0):
 garbage-first heap   total 438272K, used 16848K [0x0000000704e00000, 0x0000000800000000)
  region size 2048K, 1 young (2048K), 1 survivors (2048K)
 Metaspace       used 44612K, committed 45120K, reserved 1114112K
  class space    used 5084K, committed 5312K, reserved 1048576K
}
Event: 147.555 GC heap before
{Heap before GC invocations=67 (full 0):
 garbage-first heap   total 438272K, used 276944K [0x0000000704e00000, 0x0000000800000000)
  region size 2048K, 128 young (262144K), 1 survivors (2048K)
 Metaspace       used 44612K, committed 45120K, reserved 1114112K
  class space    used 5084K, committed 5312K, reserved 1048576K
}
Event: 147.556 GC heap after
{Heap after GC invocations=68 (full 0):
 garbage-first heap   total 438272K, used 16852K [0x0000000704e00000, 0x0000000800000000)
  region size 2048K, 1 young (2048K), 1 survivors (2048K)
 Metaspace       used 44612K, committed 45120K, reserved 1114112K
  class space    used 5084K, committed 5312K, reserved 1048576K
}
Event: 147.619 GC heap before
{Heap before GC invocations=68 (full 0):
 garbage-first heap   total 438272K, used 276948K [0x0000000704e00000, 0x0000000800000000)
  region size 2048K, 128 young (262144K), 1 survivors (2048K)
 Metaspace       used 44612K, committed 45120K, reserved 1114112K
  class space    used 5084K, committed 5312K, reserved 1048576K
}
Event: 147.620 GC heap after
{Heap after GC invocations=69 (full 0):
 garbage-first heap   total 438272K, used 16863K [0x0000000704e00000, 0x0000000800000000)
  region size 2048K, 1 young (2048K), 1 survivors (2048K)
 Metaspace       used 44612K, committed 45120K, reserved 1114112K
  class space    used 5084K, committed 5312K, reserved 1048576K
}
Event: 147.682 GC heap before
{Heap before GC invocations=69 (full 0):
 garbage-first heap   total 438272K, used 276959K [0x0000000704e00000, 0x0000000800000000)
  region size 2048K, 128 young (262144K), 1 survivors (2048K)
 Metaspace       used 44612K, committed 45120K, reserved 1114112K
  class space    used 5084K, committed 5312K, reserved 1048576K
}
Event: 147.683 GC heap after
{Heap after GC invocations=70 (full 0):
 garbage-first heap   total 438272K, used 16859K [0x0000000704e00000, 0x0000000800000000)
  region size 2048K, 1 young (2048K), 1 survivors (2048K)
 Metaspace       used 44612K, committed 45120K, reserved 1114112K
  class space    used 5084K, committed 5312K, reserved 1048576K
}
Event: 147.751 GC heap before
{Heap before GC invocations=70 (full 0):
 garbage-first heap   total 438272K, used 276955K [0x0000000704e00000, 0x0000000800000000)
  region size 2048K, 128 young (262144K), 1 survivors (2048K)
 Metaspace       used 44612K, committed 45120K, reserved 1114112K
  class space    used 5084K, committed 5312K, reserved 1048576K
}
Event: 147.752 GC heap after
{Heap after GC invocations=71 (full 0):
 garbage-first heap   total 438272K, used 16856K [0x0000000704e00000, 0x0000000800000000)
  region size 2048K, 1 young (2048K), 1 survivors (2048K)
 Metaspace       used 44612K, committed 45120K, reserved 1114112K
  class space    used 5084K, committed 5312K, reserved 1048576K
}
Event: 147.815 GC heap before
{Heap before GC invocations=71 (full 0):
 garbage-first heap   total 438272K, used 276952K [0x0000000704e00000, 0x0000000800000000)
  region size 2048K, 128 young (262144K), 1 survivors (2048K)
 Metaspace       used 44612K, committed 45120K, reserved 1114112K
  class space    used 5084K, committed 5312K, reserved 1048576K
}
Event: 147.816 GC heap after
{Heap after GC invocations=72 (full 0):
 garbage-first heap   total 438272K, used 16861K [0x0000000704e00000, 0x0000000800000000)
  region size 2048K, 1 young (2048K), 1 survivors (2048K)
 Metaspace       used 44612K, committed 45120K, reserved 1114112K
  class space    used 5084K, committed 5312K, reserved 1048576K
}
Event: 147.879 GC heap before
{Heap before GC invocations=72 (full 0):
 garbage-first heap   total 438272K, used 276957K [0x0000000704e00000, 0x0000000800000000)
  region size 2048K, 128 young (262144K), 1 survivors (2048K)
 Metaspace       used 44612K, committed 45120K, reserved 1114112K
  class space    used 5084K, committed 5312K, reserved 1048576K
}

