# JRE version: OpenJDK Runtime Environment Temurin-17.0.8.1+1 (17.0.8.1+1) (build 17.0.8.1+1)
# Java VM: OpenJDK 64-Bit Server VM Temurin-17.0.8.1+1 (17.0.8.1+1, mixed mode, tiered, compressed oops, compressed class ptrs, g1 gc, windows-amd64)
GC Precious Log:
 CPUs: 20 total, 20 available
 Memory: 16068M
 Large Page Support: Disabled
 NUMA Support: Disabled
 Compressed Oops: Enabled (Zero based)
 Heap Region Size: 2M
 Heap Min Capacity: 8M
 Heap Initial Capacity: 252M
 Heap Max Capacity: 4018M
 Pre-touch: Disabled
 Parallel Workers: 15
 Concurrent Workers: 4
 Concurrent Refinement Workers: 15
 Periodic GC: Disabled
Heap:
 garbage-first heap   total 487424K, used 16859K [0x0000000704e00000, 0x0000000800000000)
  region size 2048K, 1 young (2048K), 1 survivors (2048K)
 Metaspace       used 44340K, committed 44864K, reserved 1114112K
  class space    used 5044K, committed 5312K, reserved 1048576K
GC Heap History (20 events):
Event: 110.170 GC heap after
{Heap after GC invocations=98 (full 0):
 garbage-first heap   total 487424K, used 16857K [0x0000000704e00000, 0x0000000800000000)
  region size 2048K, 1 young (2048K), 1 survivors (2048K)
 Metaspace       used 44339K, committed 44864K, reserved 1114112K
  class space    used 5044K, committed 5312K, reserved 1048576K
}
Event: 110.239 GC heap before
{Heap before GC invocations=98 (full 0):
 garbage-first heap   total 487424K, used 305625K [0x0000000704e00000, 0x0000000800000000)
  region size 2048K, 142 young (290816K), 1 survivors (2048K)
 Metaspace       used 44339K, committed 44864K, reserved 1114112K
  class space    used 5044K, committed 5312K, reserved 1048576K
}
Event: 110.240 GC heap after
{Heap after GC invocations=99 (full 0):
 garbage-first heap   total 487424K, used 16855K [0x0000000704e00000, 0x0000000800000000)
  region size 2048K, 1 young (2048K), 1 survivors (2048K)
 Metaspace       used 44339K, committed 44864K, reserved 1114112K
  class space    used 5044K, committed 5312K, reserved 1048576K
}
Event: 110.309 GC heap before
{Heap before GC invocations=99 (full 0):
 garbage-first heap   total 487424K, used 305623K [0x0000000704e00000, 0x0000000800000000)
  region size 2048K, 142 young (290816K), 1 survivors (2048K)
 Metaspace       used 44339K, committed 44864K, reserved 1114112K
  class space    used 5044K, committed 5312K, reserved 1048576K
}
Event: 110.310 GC heap after
{Heap after GC invocations=100 (full 0):
 garbage-first heap   total 487424K, used 16857K [0x0000000704e00000, 0x0000000800000000)
  region size 2048K, 1 young (2048K), 1 survivors (2048K)
 Metaspace       used 44339K, committed 44864K, reserved 1114112K
  class space    used 5044K, committed 5312K, reserved 1048576K
}
Event: 110.379 GC heap before
{Heap before GC invocations=100 (full 0):
 garbage-first heap   total 487424K, used 305625K [0x0000000704e00000, 0x0000000800000000)
  region size 2048K, 142 young (290816K), 1 survivors (2048K)
 Metaspace       used 44339K, committed 44864K, reserved 1114112K
  class space    used 5044K, committed 5312K, reserved 1048576K
}
Event: 110.380 GC heap after
{Heap after GC invocations=101 (full 0):
 garbage-first heap   total 487424K, used 16857K [0x0000000704e00000, 0x0000000800000000)
  region size 2048K, 1 young (2048K), 1 survivors (2048K)
 Metaspace       used 44339K, committed 44864K, reserved 1114112K
  class space    used 5044K, committed 5312K, reserved 1048576K
}
Event: 110.450 GC heap before
{Heap before GC invocations=101 (full 0):
 garbage-first heap   total 487424K, used 305625K [0x0000000704e00000, 0x0000000800000000)
  region size 2048K, 142 young (290816K), 1 survivors (2048K)
 Metaspace       used 44339K, committed 44864K, reserved 1114112K
  class space    used 5044K, committed 5312K, reserved 1048576K
}
Event: 110.451 GC heap after
{Heap after GC invocations=102 (full 0):
 garbage-first heap   total 487424K, used 16857K [0x0000000704e00000, 0x0000000800000000)
  region size 2048K, 1 young (2048K), 1 survivors (2048K)
 Metaspace       used 44339K, committed 44864K, reserved 1114112K
  class space    used 5044K, committed 5312K, reserved 1048576K
}
Event: 110.521 GC heap before
{Heap before GC invocations=102 (full 0):
 garbage-first heap   total 487424K, used 305625K [0x0000000704e00000, 0x0000000800000000)
  region size 2048K, 142 young (290816K), 1 survivors (2048K)
 Metaspace       used 44339K, committed 44864K, reserved 1114112K
  class space    used 5044K, committed 5312K, reserved 1048576K
}
Event: 110.522 GC heap after
{Heap after GC invocations=103 (full 0):
 garbage-first heap   total 487424K, used 16855K [0x0000000704e00000, 0x0000000800000000)
  region size 2048K, 1 young (2048K), 1 survivors (2048K)
 Metaspace       used 44339K, committed 44864K, reserved 1114112K
  class space    used 5044K, committed 5312K, reserved 1048576K
}
Event: 110.562 GC heap before
{Heap before GC invocations=103 (full 0):
 garbage-first heap   total 487424K, used 305623K [0x0000000704e00000, 0x0000000800000000)
  region size 2048K, 142 young (290816K), 1 survivors (2048K)
 Metaspace       used 44340K, committed 44864K, reserved 1114112K
  class space    used 5044K, committed 5312K, reserved 1048576K
}
Event: 110.563 GC heap after
{Heap after GC invocations=104 (full 0):
 garbage-first heap   total 487424K, used 16859K [0x0000000704e00000, 0x0000000800000000)
  region size 2048K, 1 young (2048K), 1 survivors (2048K)
 Metaspace       used 44340K, committed 44864K, reserved 1114112K
  class space    used 5044K, committed 5312K, reserved 1048576K
}
Event: 110.599 GC heap before
{Heap before GC invocations=104 (full 0):
 garbage-first heap   total 487424K, used 303579K [0x0000000704e00000, 0x0000000800000000)
  region size 2048K, 142 young (290816K), 1 survivors (2048K)
 Metaspace       used 44340K, committed 44864K, reserved 1114112K
  class space    used 5044K, committed 5312K, reserved 1048576K
}
Event: 110.600 GC heap after
{Heap after GC invocations=105 (full 0):
 garbage-first heap   total 487424K, used 16859K [0x0000000704e00000, 0x0000000800000000)
  region size 2048K, 1 young (2048K), 1 survivors (2048K)
 Metaspace       used 44340K, committed 44864K, reserved 1114112K
  class space    used 5044K, committed 5312K, reserved 1048576K
}
Event: 110.635 GC heap before
{Heap before GC invocations=105 (full 0):
 garbage-first heap   total 487424K, used 303579K [0x0000000704e00000, 0x0000000800000000)
  region size 2048K, 142 young (290816K), 1 survivors (2048K)
 Metaspace       used 44340K, committed 44864K, reserved 1114112K
  class space    used 5044K, committed 5312K, reserved 1048576K
}
Event: 110.635 GC heap after
{Heap after GC invocations=106 (full 0):
 garbage-first heap   total 487424K, used 16859K [0x0000000704e00000, 0x0000000800000000)
  region size 2048K, 1 young (2048K), 1 survivors (2048K)
 Metaspace       used 44340K, committed 44864K, reserved 1114112K
  class space    used 5044K, committed 5312K, reserved 1048576K
}
Event: 110.672 GC heap before
{Heap before GC invocations=106 (full 0):
 garbage-first heap   total 487424K, used 305627K [0x0000000704e00000, 0x0000000800000000)
  region size 2048K, 142 young (290816K), 1 survivors (2048K)
 Metaspace       used 44340K, committed 44864K, reserved 1114112K
  class space    used 5044K, committed 5312K, reserved 1048576K
}
Event: 110.673 GC heap after
{Heap after GC invocations=107 (full 0):
 garbage-first heap   total 487424K, used 16857K [0x0000000704e00000, 0x0000000800000000)
  region size 2048K, 1 young (2048K), 1 survivors (2048K)
 Metaspace       used 44340K, committed 44864K, reserved 1114112K
  class space    used 5044K, committed 5312K, reserved 1048576K
}
Event: 110.708 GC heap before
{Heap before GC invocations=107 (full 0):
 garbage-first heap   total 487424K, used 305625K [0x0000000704e00000, 0x0000000800000000)
  region size 2048K, 142 young (290816K), 1 survivors (2048K)
 Metaspace       used 44340K, committed 44864K, reserved 1114112K
  class space    used 5044K, committed 5312K, reserved 1048576K
}

