# JRE version: OpenJDK Runtime Environment Temurin-17.0.8.1+1 (17.0.8.1+1) (build 17.0.8.1+1)
# Java VM: OpenJDK 64-Bit Server VM Temurin-17.0.8.1+1 (17.0.8.1+1, mixed mode, tiered, compressed oops, compressed class ptrs, g1 gc, windows-amd64)
GC Precious Log:
 CPUs: 20 total, 20 available
 Memory: 16068M
 Large Page Support: Disabled
 NUMA Support: Disabled
 Compressed Oops: Enabled (Zero based)
 Heap Region Size: 2M
 Heap Min Capacity: 8M
 Heap Initial Capacity: 252M
 Heap Max Capacity: 4018M
 Pre-touch: Disabled
 Parallel Workers: 15
 Concurrent Workers: 4
 Concurrent Refinement Workers: 15
 Periodic GC: Disabled
Heap:
 garbage-first heap   total 352256K, used 16665K [0x0000000704e00000, 0x0000000800000000)
  region size 2048K, 1 young (2048K), 1 survivors (2048K)
 Metaspace       used 44346K, committed 44864K, reserved 1114112K
  class space    used 5045K, committed 5312K, reserved 1048576K
GC Heap History (20 events):
Event: 77.364 GC heap after
{Heap after GC invocations=24 (full 0):
 garbage-first heap   total 292864K, used 15979K [0x0000000704e00000, 0x0000000800000000)
  region size 2048K, 1 young (2048K), 1 survivors (2048K)
 Metaspace       used 44158K, committed 44736K, reserved 1114112K
  class space    used 5042K, committed 5312K, reserved 1048576K
}
Event: 77.419 GC heap before
{Heap before GC invocations=24 (full 0):
 garbage-first heap   total 292864K, used 188011K [0x0000000704e00000, 0x0000000800000000)
  region size 2048K, 85 young (174080K), 1 survivors (2048K)
 Metaspace       used 44287K, committed 44864K, reserved 1114112K
  class space    used 5042K, committed 5312K, reserved 1048576K
}
Event: 77.421 GC heap after
{Heap after GC invocations=25 (full 0):
 garbage-first heap   total 292864K, used 16094K [0x0000000704e00000, 0x0000000800000000)
  region size 2048K, 1 young (2048K), 1 survivors (2048K)
 Metaspace       used 44287K, committed 44864K, reserved 1114112K
  class space    used 5042K, committed 5312K, reserved 1048576K
}
Event: 77.473 GC heap before
{Heap before GC invocations=25 (full 0):
 garbage-first heap   total 292864K, used 188126K [0x0000000704e00000, 0x0000000800000000)
  region size 2048K, 85 young (174080K), 1 survivors (2048K)
 Metaspace       used 44301K, committed 44864K, reserved 1114112K
  class space    used 5042K, committed 5312K, reserved 1048576K
}
Event: 77.475 GC heap after
{Heap after GC invocations=26 (full 0):
 garbage-first heap   total 292864K, used 16098K [0x0000000704e00000, 0x0000000800000000)
  region size 2048K, 1 young (2048K), 1 survivors (2048K)
 Metaspace       used 44301K, committed 44864K, reserved 1114112K
  class space    used 5042K, committed 5312K, reserved 1048576K
}
Event: 77.531 GC heap before
{Heap before GC invocations=26 (full 0):
 garbage-first heap   total 292864K, used 188130K [0x0000000704e00000, 0x0000000800000000)
  region size 2048K, 85 young (174080K), 1 survivors (2048K)
 Metaspace       used 44307K, committed 44864K, reserved 1114112K
  class space    used 5042K, committed 5312K, reserved 1048576K
}
Event: 77.533 GC heap after
{Heap after GC invocations=27 (full 0):
 garbage-first heap   total 352256K, used 16112K [0x0000000704e00000, 0x0000000800000000)
  region size 2048K, 1 young (2048K), 1 survivors (2048K)
 Metaspace       used 44307K, committed 44864K, reserved 1114112K
  class space    used 5042K, committed 5312K, reserved 1048576K
}
Event: 77.619 GC heap before
{Heap before GC invocations=27 (full 0):
 garbage-first heap   total 352256K, used 225008K [0x0000000704e00000, 0x0000000800000000)
  region size 2048K, 103 young (210944K), 1 survivors (2048K)
 Metaspace       used 44308K, committed 44864K, reserved 1114112K
  class space    used 5042K, committed 5312K, reserved 1048576K
}
Event: 77.620 GC heap after
{Heap after GC invocations=28 (full 0):
 garbage-first heap   total 352256K, used 16108K [0x0000000704e00000, 0x0000000800000000)
  region size 2048K, 1 young (2048K), 1 survivors (2048K)
 Metaspace       used 44308K, committed 44864K, reserved 1114112K
  class space    used 5042K, committed 5312K, reserved 1048576K
}
Event: 79.987 GC heap before
{Heap before GC invocations=28 (full 0):
 garbage-first heap   total 352256K, used 225004K [0x0000000704e00000, 0x0000000800000000)
  region size 2048K, 103 young (210944K), 1 survivors (2048K)
 Metaspace       used 44323K, committed 44864K, reserved 1114112K
  class space    used 5043K, committed 5312K, reserved 1048576K
}
Event: 79.988 GC heap after
{Heap after GC invocations=29 (full 0):
 garbage-first heap   total 352256K, used 16331K [0x0000000704e00000, 0x0000000800000000)
  region size 2048K, 1 young (2048K), 1 survivors (2048K)
 Metaspace       used 44323K, committed 44864K, reserved 1114112K
  class space    used 5043K, committed 5312K, reserved 1048576K
}
Event: 85.076 GC heap before
{Heap before GC invocations=29 (full 0):
 garbage-first heap   total 352256K, used 225227K [0x0000000704e00000, 0x0000000800000000)
  region size 2048K, 103 young (210944K), 1 survivors (2048K)
 Metaspace       used 44346K, committed 44864K, reserved 1114112K
  class space    used 5045K, committed 5312K, reserved 1048576K
}
Event: 85.078 GC heap after
{Heap after GC invocations=30 (full 0):
 garbage-first heap   total 352256K, used 16619K [0x0000000704e00000, 0x0000000800000000)
  region size 2048K, 1 young (2048K), 1 survivors (2048K)
 Metaspace       used 44346K, committed 44864K, reserved 1114112K
  class space    used 5045K, committed 5312K, reserved 1048576K
}
Event: 85.134 GC heap before
{Heap before GC invocations=30 (full 0):
 garbage-first heap   total 352256K, used 225515K [0x0000000704e00000, 0x0000000800000000)
  region size 2048K, 103 young (210944K), 1 survivors (2048K)
 Metaspace       used 44346K, committed 44864K, reserved 1114112K
  class space    used 5045K, committed 5312K, reserved 1048576K
}
Event: 85.136 GC heap after
{Heap after GC invocations=31 (full 0):
 garbage-first heap   total 352256K, used 16648K [0x0000000704e00000, 0x0000000800000000)
  region size 2048K, 1 young (2048K), 1 survivors (2048K)
 Metaspace       used 44346K, committed 44864K, reserved 1114112K
  class space    used 5045K, committed 5312K, reserved 1048576K
}
Event: 85.187 GC heap before
{Heap before GC invocations=31 (full 0):
 garbage-first heap   total 352256K, used 225544K [0x0000000704e00000, 0x0000000800000000)
  region size 2048K, 103 young (210944K), 1 survivors (2048K)
 Metaspace       used 44346K, committed 44864K, reserved 1114112K
  class space    used 5045K, committed 5312K, reserved 1048576K
}
Event: 85.188 GC heap after
{Heap after GC invocations=32 (full 0):
 garbage-first heap   total 352256K, used 16658K [0x0000000704e00000, 0x0000000800000000)
  region size 2048K, 1 young (2048K), 1 survivors (2048K)
 Metaspace       used 44346K, committed 44864K, reserved 1114112K
  class space    used 5045K, committed 5312K, reserved 1048576K
}
Event: 85.239 GC heap before
{Heap before GC invocations=32 (full 0):
 garbage-first heap   total 352256K, used 225554K [0x0000000704e00000, 0x0000000800000000)
  region size 2048K, 103 young (210944K), 1 survivors (2048K)
 Metaspace       used 44346K, committed 44864K, reserved 1114112K
  class space    used 5045K, committed 5312K, reserved 1048576K
}
Event: 85.241 GC heap after
{Heap after GC invocations=33 (full 0):
 garbage-first heap   total 352256K, used 16669K [0x0000000704e00000, 0x0000000800000000)
  region size 2048K, 1 young (2048K), 1 survivors (2048K)
 Metaspace       used 44346K, committed 44864K, reserved 1114112K
  class space    used 5045K, committed 5312K, reserved 1048576K
}
Event: 85.292 GC heap before
{Heap before GC invocations=33 (full 0):
 garbage-first heap   total 352256K, used 225565K [0x0000000704e00000, 0x0000000800000000)
  region size 2048K, 103 young (210944K), 1 survivors (2048K)
 Metaspace       used 44346K, committed 44864K, reserved 1114112K
  class space    used 5045K, committed 5312K, reserved 1048576K
}

