# JRE version: OpenJDK Runtime Environment Temurin-17.0.8.1+1 (17.0.8.1+1) (build 17.0.8.1+1)
# Java VM: OpenJDK 64-Bit Server VM Temurin-17.0.8.1+1 (17.0.8.1+1, mixed mode, tiered, compressed oops, compressed class ptrs, g1 gc, windows-amd64)
GC Precious Log:
 CPUs: 20 total, 20 available
 Memory: 16068M
 Large Page Support: Disabled
 NUMA Support: Disabled
 Compressed Oops: Enabled (Zero based)
 Heap Region Size: 2M
 Heap Min Capacity: 8M
 Heap Initial Capacity: 252M
 Heap Max Capacity: 4018M
 Pre-touch: Disabled
 Parallel Workers: 15
 Concurrent Workers: 4
 Concurrent Refinement Workers: 15
 Periodic GC: Disabled
Heap:
 garbage-first heap   total 419840K, used 16970K [0x0000000704e00000, 0x0000000800000000)
  region size 2048K, 1 young (2048K), 1 survivors (2048K)
 Metaspace       used 44241K, committed 44736K, reserved 1114112K
  class space    used 5024K, committed 5248K, reserved 1048576K
GC Heap History (20 events):
Event: 35.782 GC heap after
{Heap after GC invocations=87 (full 0):
 garbage-first heap   total 419840K, used 16935K [0x0000000704e00000, 0x0000000800000000)
  region size 2048K, 1 young (2048K), 1 survivors (2048K)
 Metaspace       used 44241K, committed 44736K, reserved 1114112K
  class space    used 5024K, committed 5248K, reserved 1048576K
}
Event: 35.845 GC heap before
{Heap before GC invocations=87 (full 0):
 garbage-first heap   total 419840K, used 266791K [0x0000000704e00000, 0x0000000800000000)
  region size 2048K, 123 young (251904K), 1 survivors (2048K)
 Metaspace       used 44241K, committed 44736K, reserved 1114112K
  class space    used 5024K, committed 5248K, reserved 1048576K
}
Event: 35.846 GC heap after
{Heap after GC invocations=88 (full 0):
 garbage-first heap   total 419840K, used 16938K [0x0000000704e00000, 0x0000000800000000)
  region size 2048K, 1 young (2048K), 1 survivors (2048K)
 Metaspace       used 44241K, committed 44736K, reserved 1114112K
  class space    used 5024K, committed 5248K, reserved 1048576K
}
Event: 35.905 GC heap before
{Heap before GC invocations=88 (full 0):
 garbage-first heap   total 419840K, used 266794K [0x0000000704e00000, 0x0000000800000000)
  region size 2048K, 123 young (251904K), 1 survivors (2048K)
 Metaspace       used 44241K, committed 44736K, reserved 1114112K
  class space    used 5024K, committed 5248K, reserved 1048576K
}
Event: 35.906 GC heap after
{Heap after GC invocations=89 (full 0):
 garbage-first heap   total 419840K, used 16944K [0x0000000704e00000, 0x0000000800000000)
  region size 2048K, 1 young (2048K), 1 survivors (2048K)
 Metaspace       used 44241K, committed 44736K, reserved 1114112K
  class space    used 5024K, committed 5248K, reserved 1048576K
}
Event: 35.972 GC heap before
{Heap before GC invocations=89 (full 0):
 garbage-first heap   total 419840K, used 266800K [0x0000000704e00000, 0x0000000800000000)
  region size 2048K, 123 young (251904K), 1 survivors (2048K)
 Metaspace       used 44241K, committed 44736K, reserved 1114112K
  class space    used 5024K, committed 5248K, reserved 1048576K
}
Event: 35.973 GC heap after
{Heap after GC invocations=90 (full 0):
 garbage-first heap   total 419840K, used 16947K [0x0000000704e00000, 0x0000000800000000)
  region size 2048K, 1 young (2048K), 1 survivors (2048K)
 Metaspace       used 44241K, committed 44736K, reserved 1114112K
  class space    used 5024K, committed 5248K, reserved 1048576K
}
Event: 36.032 GC heap before
{Heap before GC invocations=90 (full 0):
 garbage-first heap   total 419840K, used 266803K [0x0000000704e00000, 0x0000000800000000)
  region size 2048K, 123 young (251904K), 1 survivors (2048K)
 Metaspace       used 44241K, committed 44736K, reserved 1114112K
  class space    used 5024K, committed 5248K, reserved 1048576K
}
Event: 36.033 GC heap after
{Heap after GC invocations=91 (full 0):
 garbage-first heap   total 419840K, used 16949K [0x0000000704e00000, 0x0000000800000000)
  region size 2048K, 1 young (2048K), 1 survivors (2048K)
 Metaspace       used 44241K, committed 44736K, reserved 1114112K
  class space    used 5024K, committed 5248K, reserved 1048576K
}
Event: 36.093 GC heap before
{Heap before GC invocations=91 (full 0):
 garbage-first heap   total 419840K, used 266805K [0x0000000704e00000, 0x0000000800000000)
  region size 2048K, 123 young (251904K), 1 survivors (2048K)
 Metaspace       used 44241K, committed 44736K, reserved 1114112K
  class space    used 5024K, committed 5248K, reserved 1048576K
}
Event: 36.094 GC heap after
{Heap after GC invocations=92 (full 0):
 garbage-first heap   total 419840K, used 16949K [0x0000000704e00000, 0x0000000800000000)
  region size 2048K, 1 young (2048K), 1 survivors (2048K)
 Metaspace       used 44241K, committed 44736K, reserved 1114112K
  class space    used 5024K, committed 5248K, reserved 1048576K
}
Event: 36.154 GC heap before
{Heap before GC invocations=92 (full 0):
 garbage-first heap   total 419840K, used 266805K [0x0000000704e00000, 0x0000000800000000)
  region size 2048K, 123 young (251904K), 1 survivors (2048K)
 Metaspace       used 44241K, committed 44736K, reserved 1114112K
  class space    used 5024K, committed 5248K, reserved 1048576K
}
Event: 36.155 GC heap after
{Heap after GC invocations=93 (full 0):
 garbage-first heap   total 419840K, used 16952K [0x0000000704e00000, 0x0000000800000000)
  region size 2048K, 1 young (2048K), 1 survivors (2048K)
 Metaspace       used 44241K, committed 44736K, reserved 1114112K
  class space    used 5024K, committed 5248K, reserved 1048576K
}
Event: 36.215 GC heap before
{Heap before GC invocations=93 (full 0):
 garbage-first heap   total 419840K, used 266808K [0x0000000704e00000, 0x0000000800000000)
  region size 2048K, 123 young (251904K), 1 survivors (2048K)
 Metaspace       used 44241K, committed 44736K, reserved 1114112K
  class space    used 5024K, committed 5248K, reserved 1048576K
}
Event: 36.216 GC heap after
{Heap after GC invocations=94 (full 0):
 garbage-first heap   total 419840K, used 16958K [0x0000000704e00000, 0x0000000800000000)
  region size 2048K, 1 young (2048K), 1 survivors (2048K)
 Metaspace       used 44241K, committed 44736K, reserved 1114112K
  class space    used 5024K, committed 5248K, reserved 1048576K
}
Event: 36.275 GC heap before
{Heap before GC invocations=94 (full 0):
 garbage-first heap   total 419840K, used 266814K [0x0000000704e00000, 0x0000000800000000)
  region size 2048K, 123 young (251904K), 1 survivors (2048K)
 Metaspace       used 44241K, committed 44736K, reserved 1114112K
  class space    used 5024K, committed 5248K, reserved 1048576K
}
Event: 36.276 GC heap after
{Heap after GC invocations=95 (full 0):
 garbage-first heap   total 419840K, used 16963K [0x0000000704e00000, 0x0000000800000000)
  region size 2048K, 1 young (2048K), 1 survivors (2048K)
 Metaspace       used 44241K, committed 44736K, reserved 1114112K
  class space    used 5024K, committed 5248K, reserved 1048576K
}
Event: 36.335 GC heap before
{Heap before GC invocations=95 (full 0):
 garbage-first heap   total 419840K, used 266819K [0x0000000704e00000, 0x0000000800000000)
  region size 2048K, 123 young (251904K), 1 survivors (2048K)
 Metaspace       used 44241K, committed 44736K, reserved 1114112K
  class space    used 5024K, committed 5248K, reserved 1048576K
}
Event: 36.336 GC heap after
{Heap after GC invocations=96 (full 0):
 garbage-first heap   total 419840K, used 16969K [0x0000000704e00000, 0x0000000800000000)
  region size 2048K, 1 young (2048K), 1 survivors (2048K)
 Metaspace       used 44241K, committed 44736K, reserved 1114112K
  class space    used 5024K, committed 5248K, reserved 1048576K
}
Event: 36.399 GC heap before
{Heap before GC invocations=96 (full 0):
 garbage-first heap   total 419840K, used 266825K [0x0000000704e00000, 0x0000000800000000)
  region size 2048K, 123 young (251904K), 1 survivors (2048K)
 Metaspace       used 44241K, committed 44736K, reserved 1114112K
  class space    used 5024K, committed 5248K, reserved 1048576K
}

